<?xml version="1.0" encoding="UTF-8"?>
<!-- Generated by org.testng.reporters.JUnitReportReporter -->
<testsuite skipped="2" hostname="TAKIMBINH" name="PageObject.Register_POM" tests="3" failures="0" timestamp="17 Aug 2023 09:49:19 GMT" time="2.816" errors="1">
  <testcase name="TC_06_Password_not_match_Confirm_Password" time="0.000" classname="PageObject.Register_POM">
    <skipped/>
  </testcase> <!-- TC_06_Password_not_match_Confirm_Password -->
  <testcase name="TC_05_Password_smaller_6_characters" time="0.000" classname="PageObject.Register_POM">
    <skipped/>
  </testcase> <!-- TC_05_Password_smaller_6_characters -->
  <testcase name="beforeClassABC" time="2.816" classname="PageObject.Register_POM">
    <error type="org.openqa.selenium.SessionNotCreatedException" message="session not created: This version of ChromeDriver only supports Chrome version 114
Current browser version is 116.0.5845.96 with binary path C:\Program Files (x86)\Google\Chrome\Application\chrome.exe
Build info: version: &#039;3.141.59&#039;, revision: &#039;e82be7d358&#039;, time: &#039;2018-11-14T08:25:53&#039;
System info: host: &#039;TAKIMBINH&#039;, ip: &#039;192.168.1.209&#039;, os.name: &#039;Windows 10&#039;, os.arch: &#039;amd64&#039;, os.version: &#039;10.0&#039;, java.version: &#039;1.8.0_202&#039;
Driver info: driver.version: ChromeDriver
remote stacktrace: Backtrace:
	GetHandleVerifier [0x00D5A813+48355]
	(No symbol) [0x00CEC4B1]
	(No symbol) [0x00BF5358]
	(No symbol) [0x00C161AC]
	(No symbol) [0x00C11EF3]
	(No symbol) [0x00C10579]
	(No symbol) [0x00C40C55]
	(No symbol) [0x00C4093C]
	(No symbol) [0x00C3A536]
	(No symbol) [0x00C182DC]
	(No symbol) [0x00C193DD]
	GetHandleVerifier [0x00FBAABD+2539405]
	GetHandleVerifier [0x00FFA78F+2800735]
	GetHandleVerifier [0x00FF456C+2775612]
	GetHandleVerifier [0x00DE51E0+616112]
	(No symbol) [0x00CF5F8C]
	(No symbol) [0x00CF2328]
	(No symbol) [0x00CF240B]
	(No symbol) [0x00CE4FF7]
	BaseThreadInitThunk [0x76216359+25]
	RtlGetAppContainerNamedObjectPath [0x76F08944+228]
	RtlGetAppContainerNamedObjectPath [0x76F08914+180]
">
      <![CDATA[org.openqa.selenium.SessionNotCreatedException: session not created: This version of ChromeDriver only supports Chrome version 114
Current browser version is 116.0.5845.96 with binary path C:\Program Files (x86)\Google\Chrome\Application\chrome.exe
Build info: version: '3.141.59', revision: 'e82be7d358', time: '2018-11-14T08:25:53'
System info: host: 'TAKIMBINH', ip: '192.168.1.209', os.name: 'Windows 10', os.arch: 'amd64', os.version: '10.0', java.version: '1.8.0_202'
Driver info: driver.version: ChromeDriver
remote stacktrace: Backtrace:
GetHandleVerifier [0x00D5A813+48355]
(No symbol) [0x00CEC4B1]
(No symbol) [0x00BF5358]
(No symbol) [0x00C161AC]
(No symbol) [0x00C11EF3]
(No symbol) [0x00C10579]
(No symbol) [0x00C40C55]
(No symbol) [0x00C4093C]
(No symbol) [0x00C3A536]
(No symbol) [0x00C182DC]
(No symbol) [0x00C193DD]
GetHandleVerifier [0x00FBAABD+2539405]
GetHandleVerifier [0x00FFA78F+2800735]
GetHandleVerifier [0x00FF456C+2775612]
GetHandleVerifier [0x00DE51E0+616112]
(No symbol) [0x00CF5F8C]
(No symbol) [0x00CF2328]
(No symbol) [0x00CF240B]
(No symbol) [0x00CE4FF7]
BaseThreadInitThunk [0x76216359+25]
RtlGetAppContainerNamedObjectPath [0x76F08944+228]
RtlGetAppContainerNamedObjectPath [0x76F08914+180]

at sun.reflect.NativeConstructorAccessorImpl.newInstance0(Native Method)
at sun.reflect.NativeConstructorAccessorImpl.newInstance(NativeConstructorAccessorImpl.java:62)
at sun.reflect.DelegatingConstructorAccessorImpl.newInstance(DelegatingConstructorAccessorImpl.java:45)
at java.lang.reflect.Constructor.newInstance(Constructor.java:423)
at org.openqa.selenium.remote.W3CHandshakeResponse.lambda$errorHandler$0(W3CHandshakeResponse.java:62)
at org.openqa.selenium.remote.HandshakeResponse.lambda$getResponseFunction$0(HandshakeResponse.java:30)
at org.openqa.selenium.remote.ProtocolHandshake.lambda$createSession$0(ProtocolHandshake.java:126)
at java.util.stream.ReferencePipeline$3$1.accept(ReferencePipeline.java:193)
at java.util.Spliterators$ArraySpliterator.tryAdvance(Spliterators.java:958)
at java.util.stream.ReferencePipeline.forEachWithCancel(ReferencePipeline.java:126)
at java.util.stream.AbstractPipeline.copyIntoWithCancel(AbstractPipeline.java:498)
at java.util.stream.AbstractPipeline.copyInto(AbstractPipeline.java:485)
at java.util.stream.AbstractPipeline.wrapAndCopyInto(AbstractPipeline.java:471)
at java.util.stream.FindOps$FindOp.evaluateSequential(FindOps.java:152)
at java.util.stream.AbstractPipeline.evaluate(AbstractPipeline.java:234)
at java.util.stream.ReferencePipeline.findFirst(ReferencePipeline.java:464)
at org.openqa.selenium.remote.ProtocolHandshake.createSession(ProtocolHandshake.java:128)
at org.openqa.selenium.remote.ProtocolHandshake.createSession(ProtocolHandshake.java:74)
at org.openqa.selenium.remote.HttpCommandExecutor.execute(HttpCommandExecutor.java:136)
at org.openqa.selenium.remote.service.DriverCommandExecutor.execute(DriverCommandExecutor.java:83)
at org.openqa.selenium.remote.RemoteWebDriver.execute(RemoteWebDriver.java:552)
at org.openqa.selenium.remote.RemoteWebDriver.startSession(RemoteWebDriver.java:213)
at org.openqa.selenium.remote.RemoteWebDriver.<init>(RemoteWebDriver.java:131)
at org.openqa.selenium.chrome.ChromeDriver.<init>(ChromeDriver.java:181)
at org.openqa.selenium.chrome.ChromeDriver.<init>(ChromeDriver.java:168)
at org.openqa.selenium.chrome.ChromeDriver.<init>(ChromeDriver.java:123)
at PageObject.Register_POM.beforeClassABC(Register_POM.java:26)
at sun.reflect.NativeMethodAccessorImpl.invoke0(Native Method)
at sun.reflect.NativeMethodAccessorImpl.invoke(NativeMethodAccessorImpl.java:62)
at sun.reflect.DelegatingMethodAccessorImpl.invoke(DelegatingMethodAccessorImpl.java:43)
at java.lang.reflect.Method.invoke(Method.java:498)
at org.testng.internal.MethodInvocationHelper.invokeMethod(MethodInvocationHelper.java:124)
at org.testng.internal.MethodInvocationHelper.invokeMethodConsideringTimeout(MethodInvocationHelper.java:59)
at org.testng.internal.Invoker.invokeConfigurationMethod(Invoker.java:458)
at org.testng.internal.Invoker.invokeConfigurations(Invoker.java:222)
at org.testng.internal.Invoker.invokeConfigurations(Invoker.java:142)
at org.testng.internal.TestMethodWorker.invokeBeforeClassMethods(TestMethodWorker.java:168)
at org.testng.internal.TestMethodWorker.run(TestMethodWorker.java:105)
at org.testng.TestRunner.privateRun(TestRunner.java:648)
at org.testng.TestRunner.run(TestRunner.java:505)
at org.testng.SuiteRunner.runTest(SuiteRunner.java:455)
at org.testng.SuiteRunner.runSequentially(SuiteRunner.java:450)
at org.testng.SuiteRunner.privateRun(SuiteRunner.java:415)
at org.testng.SuiteRunner.run(SuiteRunner.java:364)
at org.testng.SuiteRunnerWorker.runSuite(SuiteRunnerWorker.java:52)
at org.testng.SuiteRunnerWorker.run(SuiteRunnerWorker.java:84)
at org.testng.TestNG.runSuitesSequentially(TestNG.java:1208)
at org.testng.TestNG.runSuitesLocally(TestNG.java:1137)
at org.testng.TestNG.runSuites(TestNG.java:1049)
at org.testng.TestNG.run(TestNG.java:1017)
at org.testng.remote.AbstractRemoteTestNG.run(AbstractRemoteTestNG.java:115)
at org.testng.remote.RemoteTestNG.initAndRun(RemoteTestNG.java:251)
at org.testng.remote.RemoteTestNG.main(RemoteTestNG.java:77)
]]>
    </error>
  </testcase> <!-- beforeClassABC -->
</testsuite> <!-- PageObject.Register_POM -->
